<?xml version="1.0" encoding="UTF-8"?>
<!-- Generated by org.testng.reporters.JUnitXMLReporter -->
<testsuite ignored="2" hostname="SwatiP" failures="1" tests="4" name="Test" time="18.345" errors="0" timestamp="2022-04-28T21:34:19 EDT">
  <testcase classname="TestDSAlgo.TestSignInUser" name="SignInUser_Test" time="2.172"/>
  <testcase classname="TestDSAlgo.TestSignInUser" name="SignInUser_Test" time="0.968">
    <failure type="java.lang.AssertionError" message="expected [You are logged in] but found [Invalid Username and Password]">
      <![CDATA[java.lang.AssertionError: expected [You are logged in] but found [Invalid Username and Password]
at TestDSAlgo.TestSignInUser.SignInUser_Test(TestSignInUser.java:55)
at java.base/java.util.ArrayList.forEach(ArrayList.java:1511)
... Removed 31 stack frames]]>
    </failure>
  </testcase> <!-- SignInUser_Test -->
  <testcase classname="TestDSAlgo.TestDataStructure" name="DSArray_Test1" time="9.108"/>
  <testcase classname="TestDSAlgo.TestDataStructure" name="DSStack_Test2" time="5.285"/>
  <testcase classname="TestDSAlgo.BaseClass" name="@BeforeSuite LaunchURL" time="0.0">
    <ignored/>
  </testcase> <!-- @BeforeSuite LaunchURL -->
  <testcase classname="TestDSAlgo.BaseClass" name="@AfterSuite CloseWebpage" time="0.0">
    <ignored/>
  </testcase> <!-- @AfterSuite CloseWebpage -->
</testsuite> <!-- Test -->
